[2025-12-02 15:01:09.573] [DEBUG] [SmsReader] ========== 开始读取短信 ==========
[2025-12-02 15:01:09.574] [DEBUG] [SmsReader] 限制数量: 50000
[2025-12-02 15:01:09.574] [DEBUG] [SmsReader] 当前时间: 2025-12-02 15:01:09
[2025-12-02 15:01:09.574] [DEBUG] [SmsReader] ========== 开始权限检查 ==========
[2025-12-02 15:01:09.574] [DEBUG] [SmsReader] 运行时权限(READ_SMS): ✅ 已授予
[2025-12-02 15:01:09.574] [DEBUG] [SmsReader] 尝试访问SMS提供者: content://sms
[2025-12-02 15:01:09.584] [DEBUG] [SmsReader] ✅ SMS提供者访问成功，存在短信数据（共 1 条）
[2025-12-02 15:01:09.584] [DEBUG] [SmsReader] ✅ 权限检查完成：权限已授予且可以访问SMS提供者
[2025-12-02 15:01:09.584] [DEBUG] [SmsReader] ========== 权限检查完成 ==========
[2025-12-02 15:01:09.584] [DEBUG] [SmsReader] ✅ 权限检查通过，开始读取短信数据
[2025-12-02 15:01:09.584] [DEBUG] [SmsReader] 读取第 1 页 (limit=200, lastDate=null, lastId=null)
[2025-12-02 15:01:09.588] [DEBUG] [SmsReader] 读取到短信[第1行]: 类型=收件箱, _ID=9637, 发件人=04526174385, 内容=【菜鸟驿站】您的包裹已到站，凭2-4-1022到郑州市北文雅小区6号楼102店取件。, 时间=2025-11-24T10:27:24
[2025-12-02 15:01:09.588] [DEBUG] [SmsReader] 📦 包含'菜鸟驿站'的短信: 发件人=04526174385, 内容=【菜鸟驿站】您的包裹已到站，凭2-4-1022到郑州市北文雅小区6号楼102店取件。, 时间=2025-11-24T10:27:24
[2025-12-02 15:01:09.588] [DEBUG] [SmsReader] 读取到短信[第2行]: 类型=收件箱, _ID=9633, 发件人=04526194070, 内容=【菜鸟驿站】您的包裹已到站，凭9-4-7010到郑州市北文雅小区6号楼102店取件。, 时间=2025-11-23T12:59:30
[2025-12-02 15:01:09.588] [DEBUG] [SmsReader] 📦 包含'菜鸟驿站'的短信: 发件人=04526194070, 内容=【菜鸟驿站】您的包裹已到站，凭9-4-7010到郑州市北文雅小区6号楼102店取件。, 时间=2025-11-23T12:59:30
[2025-12-02 15:01:09.588] [DEBUG] [SmsReader] 读取到短信[第3行]: 类型=收件箱, _ID=9630, 发件人=04526194364, 内容=【菜鸟驿站】您的包裹已到站，凭3-3-6009到郑州市北文雅小区6号楼102店取件。, 时间=2025-11-22T11:32:53
[2025-12-02 15:01:09.588] [DEBUG] [SmsReader] 📦 包含'菜鸟驿站'的短信: 发件人=04526194364, 内容=【菜鸟驿站】您的包裹已到站，凭3-3-6009到郑州市北文雅小区6号楼102店取件。, 时间=2025-11-22T11:32:53
[2025-12-02 15:01:09.588] [DEBUG] [SmsReader] 读取到短信[第4行]: 类型=收件箱, _ID=9623, 发件人=+8615838022523, 内容=【菜鸟驿站】您的包裹已到站，凭9-9-9999到郑州市北文雅小区6号楼102店取件。, 时间=2025-11-21T14:35:07
[2025-12-02 15:01:09.588] [DEBUG] [SmsReader] 📦 包含'菜鸟驿站'的短信: 发件人=+8615838022523, 内容=【菜鸟驿站】您的包裹已到站，凭9-9-9999到郑州市北文雅小区6号楼102店取件。, 时间=2025-11-21T14:35:07
[2025-12-02 15:01:09.588] [DEBUG] [SmsReader] 读取到短信[第5行]: 类型=已发送, _ID=9622, 发件人=15238045115, 内容=【菜鸟驿站】您的包裹已到站，凭9-9-9999到郑州市北文雅小区6号楼102店取件。, 时间=2025-11-21T14:35:07
[2025-12-02 15:01:09.588] [DEBUG] [SmsReader] 📦 包含'菜鸟驿站'的短信: 发件人=15238045115, 内容=【菜鸟驿站】您的包裹已到站，凭9-9-9999到郑州市北文雅小区6号楼102店取件。, 时间=2025-11-21T14:35:07
[2025-12-02 15:01:09.588] [DEBUG] [SmsReader] 读取到短信[第6行]: 类型=收件箱, _ID=9618, 发件人=04526185492, 内容=【菜鸟驿站】您的包裹已到站，凭9-2-5001到郑州市北文雅小区6号楼102店取件。, 时间=2025-11-21T11:38:07
[2025-12-02 15:01:09.588] [DEBUG] [SmsReader] 📦 包含'菜鸟驿站'的短信: 发件人=04526185492, 内容=【菜鸟驿站】您的包裹已到站，凭9-2-5001到郑州市北文雅小区6号楼102店取件。, 时间=2025-11-21T11:38:07
[2025-12-02 15:01:09.588] [DEBUG] [SmsReader] 读取到短信[第7行]: 类型=收件箱, _ID=9613, 发件人=+8615838022523, 内容=【兔喜生活】您有包裹已到达金色森林金叶便利店，取件码为99-8999，地址:心连心大道金色森林门口金叶便利店, 时间=2025-11-20T17:52:22
[2025-12-02 15:01:09.588] [DEBUG] [SmsReader] 读取到短信[第8行]: 类型=已发送, _ID=9612, 发件人=15238045115, 内容=【兔喜生活】您有包裹已到达金色森林金叶便利店，取件码为99-8999，地址:心连心大道金色森林门口金叶便利店, 时间=2025-11-20T17:52:22
[2025-12-02 15:01:09.588] [DEBUG] [SmsReader] 读取到短信[第9行]: 类型=收件箱, _ID=9600, 发件人=04526194247, 内容=【菜鸟驿站】您的包裹已到站，凭1-4-3004到郑州市北文雅小区6号楼102店取件。, 时间=2025-11-19T12:29:44
[2025-12-02 15:01:09.588] [DEBUG] [SmsReader] 📦 包含'菜鸟驿站'的短信: 发件人=04526194247, 内容=【菜鸟驿站】您的包裹已到站，凭1-4-3004到郑州市北文雅小区6号楼102店取件。, 时间=2025-11-19T12:29:44
[2025-12-02 15:01:09.588] [DEBUG] [SmsReader] 读取到短信[第10行]: 类型=收件箱, _ID=9598, 发件人=04526122729, 内容=【菜鸟驿站】您的包裹已到站，凭7-5-3014到郑州市北文雅小区6号楼102店取件。, 时间=2025-11-19T11:12:49
[2025-12-02 15:01:09.588] [DEBUG] [SmsReader] 📦 包含'菜鸟驿站'的短信: 发件人=04526122729, 内容=【菜鸟驿站】您的包裹已到站，凭7-5-3014到郑州市北文雅小区6号楼102店取件。, 时间=2025-11-19T11:12:49
[2025-12-02 15:01:09.588] [DEBUG] [SmsReader] 读取到短信[第11行]: 类型=收件箱, _ID=9589, 发件人=04526104977, 内容=【菜鸟驿站】您的包裹已到站，凭2-2-1043到郑州市北文雅小区6号楼102店取件。, 时间=2025-11-17T19:18:45
[2025-12-02 15:01:09.589] [DEBUG] [SmsReader] 📦 包含'菜鸟驿站'的短信: 发件人=04526104977, 内容=【菜鸟驿站】您的包裹已到站，凭2-2-1043到郑州市北文雅小区6号楼102店取件。, 时间=2025-11-17T19:18:45
[2025-12-02 15:01:09.589] [DEBUG] [SmsReader] 读取到短信[第12行]: 类型=收件箱, _ID=9588, 发件人=04526174802, 内容=【菜鸟驿站】您的包裹已到站，凭6-4-1006到郑州市北文雅小区6号楼102店取件。, 时间=2025-11-17T13:42:22
[2025-12-02 15:01:09.589] [DEBUG] [SmsReader] 📦 包含'菜鸟驿站'的短信: 发件人=04526174802, 内容=【菜鸟驿站】您的包裹已到站，凭6-4-1006到郑州市北文雅小区6号楼102店取件。, 时间=2025-11-17T13:42:22
[2025-12-02 15:01:09.589] [DEBUG] [SmsReader] 读取到短信[第13行]: 类型=收件箱, _ID=9582, 发件人=04526124515, 内容=【菜鸟驿站】您的包裹已到站，凭2-3-7003到郑州市北文雅小区6号楼102店取件。, 时间=2025-11-16T10:14:59
[2025-12-02 15:01:09.589] [DEBUG] [SmsReader] 📦 包含'菜鸟驿站'的短信: 发件人=04526124515, 内容=【菜鸟驿站】您的包裹已到站，凭2-3-7003到郑州市北文雅小区6号楼102店取件。, 时间=2025-11-16T10:14:59
[2025-12-02 15:01:09.589] [DEBUG] [SmsReader] 读取到短信[第14行]: 类型=收件箱, _ID=9570, 发件人=04526123315, 内容=【菜鸟驿站】您的包裹已到站，凭5-2-5019到郑州市北文雅小区6号楼102店取件。, 时间=2025-11-14T16:52:15
[2025-12-02 15:01:09.589] [DEBUG] [SmsReader] 📦 包含'菜鸟驿站'的短信: 发件人=04526123315, 内容=【菜鸟驿站】您的包裹已到站，凭5-2-5019到郑州市北文雅小区6号楼102店取件。, 时间=2025-11-14T16:52:15
[2025-12-02 15:01:09.589] [DEBUG] [SmsReader] 读取到短信[第15行]: 类型=收件箱, _ID=9547, 发件人=04526102561, 内容=【菜鸟驿站】您的包裹已到站，凭2-4-2029到郑州市北文雅小区6号楼102店取件。, 时间=2025-11-11T10:35:45
[2025-12-02 15:01:09.589] [DEBUG] [SmsReader] 📦 包含'菜鸟驿站'的短信: 发件人=04526102561, 内容=【菜鸟驿站】您的包裹已到站，凭2-4-2029到郑州市北文雅小区6号楼102店取件。, 时间=2025-11-11T10:35:45
[2025-12-02 15:01:09.589] [DEBUG] [SmsReader] 读取到短信[第16行]: 类型=收件箱, _ID=9529, 发件人=04526197455, 内容=【菜鸟驿站】您的包裹已到站，凭6-5-5011到郑州市北文雅小区6号楼102店取件。, 时间=2025-11-07T19:05:42
[2025-12-02 15:01:09.589] [DEBUG] [SmsReader] 📦 包含'菜鸟驿站'的短信: 发件人=04526197455, 内容=【菜鸟驿站】您的包裹已到站，凭6-5-5011到郑州市北文雅小区6号楼102店取件。, 时间=2025-11-07T19:05:42
[2025-12-02 15:01:09.589] [DEBUG] [SmsReader] 读取到短信[第17行]: 类型=收件箱, _ID=9524, 发件人=04526123541, 内容=【菜鸟驿站】您的包裹已到站，凭8-2-5008到郑州市北文雅小区6号楼102店取件。, 时间=2025-11-07T11:59:25
[2025-12-02 15:01:09.589] [DEBUG] [SmsReader] 📦 包含'菜鸟驿站'的短信: 发件人=04526123541, 内容=【菜鸟驿站】您的包裹已到站，凭8-2-5008到郑州市北文雅小区6号楼102店取件。, 时间=2025-11-07T11:59:25
[2025-12-02 15:01:09.589] [DEBUG] [SmsReader] 读取到短信[第18行]: 类型=收件箱, _ID=9514, 发件人=04526122297, 内容=【菜鸟驿站】您的包裹已到站，凭7-5-3028到郑州市北文雅小区6号楼102店取件。, 时间=2025-11-05T18:19:50
[2025-12-02 15:01:09.589] [DEBUG] [SmsReader] 📦 包含'菜鸟驿站'的短信: 发件人=04526122297, 内容=【菜鸟驿站】您的包裹已到站，凭7-5-3028到郑州市北文雅小区6号楼102店取件。, 时间=2025-11-05T18:19:50
[2025-12-02 15:01:09.589] [DEBUG] [SmsReader] 读取到短信[第19行]: 类型=收件箱, _ID=9510, 发件人=04526186449, 内容=【菜鸟驿站】您有2个包裹在郑州市北文雅小区6号楼102店，取件码为6-5-3002, 6-2-3006, 时间=2025-11-05T12:42:25
[2025-12-02 15:01:09.589] [DEBUG] [SmsReader] 📦 包含'菜鸟驿站'的短信: 发件人=04526186449, 内容=【菜鸟驿站】您有2个包裹在郑州市北文雅小区6号楼102店，取件码为6-5-3002, 6-2-3006, 时间=2025-11-05T12:42:25
[2025-12-02 15:01:09.589] [DEBUG] [SmsReader] 读取到短信[第20行]: 类型=收件箱, _ID=9509, 发件人=04526194531, 内容=【菜鸟驿站】您的包裹已到站，凭9-6-3012到郑州市北文雅小区6号楼102店取件。, 时间=2025-11-05T11:15:04
[2025-12-02 15:01:09.589] [DEBUG] [SmsReader] 📦 包含'菜鸟驿站'的短信: 发件人=04526194531, 内容=【菜鸟驿站】您的包裹已到站，凭9-6-3012到郑州市北文雅小区6号楼102店取件。, 时间=2025-11-05T11:15:04
[2025-12-02 15:01:09.589] [DEBUG] [SmsReader] 📦 包含'菜鸟驿站'的短信: 发件人=04526184787, 内容=【菜鸟驿站】您的包裹已到站，凭8-2-1019到郑州市北文雅小区6号楼102店取件。, 时间=2025-11-03T12:30:17
[2025-12-02 15:01:09.589] [DEBUG] [SmsReader] 📦 包含'菜鸟驿站'的短信: 发件人=04526194296, 内容=【菜鸟驿站】您的包裹已到站，凭7-3-1012到郑州市北文雅小区6号楼102店取件。, 时间=2025-11-03T11:27:43
[2025-12-02 15:01:09.590] [DEBUG] [SmsReader] 📦 包含'菜鸟驿站'的短信: 发件人=04526191462, 内容=【菜鸟驿站】您的包裹已到站，凭2-2-6025到郑州市北文雅小区6号楼102店取件。, 时间=2025-11-01T10:31:14
[2025-12-02 15:01:09.590] [DEBUG] [SmsReader] 📦 包含'菜鸟驿站'的短信: 发件人=04526193497, 内容=【菜鸟驿站】您的包裹已到站，凭8-3-5022到郑州市北文雅小区6号楼102店取件。, 时间=2025-10-24T13:50:36
[2025-12-02 15:01:09.590] [DEBUG] [SmsReader] 📦 包含'菜鸟驿站'的短信: 发件人=04526044355, 内容=【菜鸟驿站】您的包裹已到站，凭1-4-5016到郑州市北文雅小区6号楼102店取件。, 时间=2025-10-17T14:40:04
[2025-12-02 15:01:09.590] [DEBUG] [SmsReader] 📦 包含'菜鸟驿站'的短信: 发件人=04526045422, 内容=【菜鸟驿站】您的包裹已到站，凭9-2-5024到郑州市北文雅小区6号楼102店取件。, 时间=2025-10-17T12:44:04
[2025-12-02 15:01:09.590] [DEBUG] [SmsReader] 📦 包含'菜鸟驿站'的短信: 发件人=04526058445, 内容=【菜鸟驿站】您的包裹已到站，凭9-5-4018到郑州市北文雅小区6号楼102店取件。, 时间=2025-10-16T13:50:09
[2025-12-02 15:01:09.590] [DEBUG] [SmsReader] 📦 包含'菜鸟驿站'的短信: 发件人=04526195426, 内容=【菜鸟驿站】您的包裹已到站，凭5-5-4003到郑州市北文雅小区6号楼102店取件。, 时间=2025-10-02T10:37:25
[2025-12-02 15:01:09.590] [DEBUG] [SmsReader] 📦 包含'菜鸟驿站'的短信: 发件人=04526196422, 内容=【菜鸟驿站】您的包裹已到站，凭4-2-3010到郑州市北文雅小区6号楼102店取件。, 时间=2025-09-10T10:49:16
[2025-12-02 15:01:09.590] [DEBUG] [SmsReader] 📦 包含'菜鸟驿站'的短信: 发件人=04526012485, 内容=【菜鸟驿站】您的包裹已到站，凭2-3-2075到郑州市北文雅小区6号楼102店取件。, 时间=2025-08-26T16:45:00
[2025-12-02 15:01:09.590] [DEBUG] [SmsReader] 📦 包含'菜鸟驿站'的短信: 发件人=04526043549, 内容=【菜鸟驿站】您的包裹已到站，凭6-5-1006到郑州市北文雅小区6号楼102店取件。, 时间=2025-08-25T11:44:19
[2025-12-02 15:01:09.590] [DEBUG] [SmsReader] 📦 包含'菜鸟驿站'的短信: 发件人=04526110419, 内容=【菜鸟驿站】您的包裹已到站，凭8-2-1026到郑州市北文雅小区6号楼102店取件。, 时间=2025-08-25T11:16:31
[2025-12-02 15:01:09.590] [DEBUG] [SmsReader] 📦 包含'菜鸟驿站'的短信: 发件人=04526043603, 内容=【菜鸟驿站】您的包裹已到站，凭2-3-6031到郑州市北文雅小区6号楼102店取件。, 时间=2025-08-23T13:34:40
[2025-12-02 15:01:09.590] [DEBUG] [SmsReader] 📦 包含'菜鸟驿站'的短信: 发件人=04526054392, 内容=【菜鸟驿站】您的包裹已到站，凭8-2-1008到郑州市北文雅小区6号楼102店取件。, 时间=2025-08-18T11:13:08
[2025-12-02 15:01:09.590] [DEBUG] [SmsReader] 📦 包含'菜鸟驿站'的短信: 发件人=04526190443, 内容=【菜鸟驿站】您的包裹已到站，凭9-3-6046到郑州市北文雅小区6号楼102店取件。, 时间=2025-08-09T13:24:52
[2025-12-02 15:01:09.590] [DEBUG] [SmsReader] 📦 包含'菜鸟驿站'的短信: 发件人=04526014775, 内容=【菜鸟驿站】您的包裹已到站，凭2-2-6048到郑州市北文雅小区6号楼102店取件。, 时间=2025-08-09T11:57:33
[2025-12-02 15:01:09.590] [DEBUG] [SmsReader] 📦 包含'菜鸟驿站'的短信: 发件人=04526014891, 内容=【菜鸟驿站】您的包裹已到站，凭6-3-5017到郑州市北文雅小区6号楼102店取件。, 时间=2025-08-08T16:45:39
[2025-12-02 15:01:09.590] [DEBUG] [SmsReader] 📦 包含'菜鸟驿站'的短信: 发件人=04526045602, 内容=【菜鸟驿站】您的包裹已到站，凭9-1-3001到郑州市北文雅小区6号楼102店取件。, 时间=2025-08-06T17:43:25
[2025-12-02 15:01:09.590] [DEBUG] [SmsReader] 📦 包含'菜鸟驿站'的短信: 发件人=04526010454, 内容=【菜鸟驿站】您的包裹已到站，凭2-4-3007到郑州市北文雅小区6号楼102店取件。, 时间=2025-08-06T09:20:53
[2025-12-02 15:01:09.590] [DEBUG] [SmsReader] 📦 包含'菜鸟驿站'的短信: 发件人=04526100495, 内容=【菜鸟驿站】您的包裹已到站，凭2-3-2062到郑州市北文雅小区6号楼102店取件。, 时间=2025-08-05T18:05:16
[2025-12-02 15:01:09.590] [DEBUG] [SmsReader] 📦 包含'菜鸟驿站'的短信: 发件人=04526045591, 内容=【菜鸟驿站】您的包裹已到站，凭5-4-5018到郑州市北文雅小区6号楼102店取件。, 时间=2025-07-18T12:47:52
[2025-12-02 15:01:09.591] [DEBUG] [SmsReader] 📦 包含'菜鸟驿站'的短信: 发件人=04526164236, 内容=【菜鸟驿站】您在郑州市北文雅小区6号楼102店的中通*53211包裹移动到新货架，请凭3-3-4003取。, 时间=2025-07-17T09:37:56
[2025-12-02 15:01:09.591] [DEBUG] [SmsReader] 📦 包含'菜鸟驿站'的短信: 发件人=04526114432, 内容=【菜鸟驿站】您的包裹已到站，凭2-3-3080到郑州市北文雅小区6号楼102店取件。, 时间=2025-07-16T18:14:46
[2025-12-02 15:01:09.591] [DEBUG] [SmsReader] 📦 包含'菜鸟驿站'的短信: 发件人=04526045695, 内容=【菜鸟驿站】您的包裹已到站，凭2-4-2079到郑州市北文雅小区6号楼102店取件。, 时间=2025-07-08T17:51:09
[2025-12-02 15:01:09.591] [DEBUG] [SmsReader] 📦 包含'菜鸟驿站'的短信: 发件人=04526049875, 内容=【菜鸟驿站】您的包裹已到站，凭2-5-2036到郑州市北文雅小区6号楼102店取件。, 时间=2025-07-08T10:50:50
[2025-12-02 15:01:09.591] [DEBUG] [SmsReader] 📦 包含'菜鸟驿站'的短信: 发件人=04526124358, 内容=【菜鸟驿站】您的包裹已到站，凭2-5-4031到郑州市北文雅小区6号楼102店取件。, 时间=2025-07-03T11:53:12
[2025-12-02 15:01:09.591] [DEBUG] [SmsReader] 📦 包含'菜鸟驿站'的短信: 发件人=04526040757, 内容=【菜鸟驿站】您的包裹已到站，凭7-5-4012到郑州市北文雅小区6号楼102店取件。, 时间=2025-07-03T11:00:46
[2025-12-02 15:01:09.591] [DEBUG] [SmsReader] 📦 包含'菜鸟驿站'的短信: 发件人=04526045463, 内容=【菜鸟驿站】您的包裹已到站，凭2-3-3083到郑州市北文雅小区6号楼102店取件。, 时间=2025-06-25T18:38:10
[2025-12-02 15:01:09.591] [DEBUG] [SmsReader] 📦 包含'菜鸟驿站'的短信: 发件人=04526024991, 内容=【菜鸟驿站】凭2-5-7028到郑州市北文雅小区6号楼102店取，查看包裹照片u.cainiao.com/2EZLtfWVcEb, 时间=2025-06-22T13:24:53
[2025-12-02 15:01:09.591] [DEBUG] [SmsReader] 📦 包含'菜鸟驿站'的短信: 发件人=+8618584099956, 内容=【取件通知】您的中通快递73540416985305已到菜鸟驿站国基路北文雅小区6号楼一单元110室，请凭隐私号18426542202取件, 时间=2024-12-24T11:03:16
[2025-12-02 15:01:09.591] [DEBUG] [SmsReader] 📦 包含'菜鸟驿站'的短信: 发件人=+8618683432259, 内容=【取件通知】您的中通快递73540090925377已到菜鸟驿站国基路北文雅小区6号楼一单元110室，请凭隐私号17834774137取件, 时间=2024-12-21T17:59:30
[2025-12-02 15:01:09.592] [DEBUG] [SmsReader] 📦 包含'菜鸟驿站'的短信: 发件人=+8619303719547, 内容=你的快递已放菜鸟驿站，早点拿，谢谢理解和支持, 时间=2024-11-30T09:15:57
[2025-12-02 15:01:09.592] [DEBUG] [SmsReader] 📦 包含'菜鸟驿站'的短信: 发件人=+8618628047774, 内容=【取件通知】您的韵达快递428145656362042已到菜鸟驿站郑州市北文雅小区6号楼102店菜鸟驿站如有疑问请联系18037279512，请凭隐私号18489606608取件, 时间=2024-11-29T20:18:59
[2025-12-02 15:01:09.598] [DEBUG] [SmsReader] ========== 最后20条短信详情 (第181行至第200行) ==========
[2025-12-02 15:01:09.598] [DEBUG] [SmsReader] 读取到短信[第181行]: 类型=已发送, _ID=3034, 发件人=17633522882, 内容=单号 78709634349803 ，地址 金明路十号院, 时间=2023-08-01T12:17:52
[2025-12-02 15:01:09.598] [DEBUG] [SmsReader] 读取到短信[第182行]: 类型=收件箱, _ID=25, 发件人=+8618638946330, 内容=来电提醒，敬请接听。, 时间=2023-07-28T13:10:30
[2025-12-02 15:01:09.598] [DEBUG] [SmsReader] 读取到短信[第183行]: 类型=收件箱, _ID=3322, 发件人=9555801, 内容=【中信银行】您尾号为6986的中信账户于07月28日01:51 ，发起自动赎回薪金煲155.29份额用于信用卡还款。, 时间=2023-07-28T08:32:35
[2025-12-02 15:01:09.598] [DEBUG] [SmsReader] 读取到短信[第184行]: 类型=收件箱, _ID=3321, 发件人=9555801, 内容=【中信银行】您尾号6986的中信卡于07月15日23:36，对外汇款支出人民币20000.00元，当前余额为人民币0.0, 时间=2023-07-15T23:36:14
[2025-12-02 15:01:09.598] [DEBUG] [SmsReader] 读取到短信[第185行]: 类型=收件箱, _ID=3320, 发件人=9555801, 内容=【中信银行】您尾号6986的中信卡于07月15日12:20，手动购买零钱+支出人民币4990.00元，当前余额为人民币0, 时间=2023-07-15T12:20:46
[2025-12-02 15:01:09.598] [DEBUG] [SmsReader] 读取到短信[第186行]: 类型=收件箱, _ID=3319, 发件人=9555801, 内容=【中信银行】您尾号6986的中信卡于07月15日07:57，跨行转入存入人民币4990.00元，当前余额为人民币4990, 时间=2023-07-15T07:57:50
[2025-12-02 15:01:09.598] [DEBUG] [SmsReader] 读取到短信[第187行]: 类型=收件箱, _ID=3318, 发件人=9555801, 内容=【中信银行】您尾号6986的中信卡于07月14日10:53，对外汇款支出人民币1000.00元，当前余额为人民币0.00, 时间=2023-07-14T10:53:27
[2025-12-02 15:01:09.598] [DEBUG] [SmsReader] 读取到短信[第188行]: 类型=收件箱, _ID=3317, 发件人=9555801, 内容=【中信银行】您尾号6986的中信卡于07月05日23:46，对外汇款支出人民币2371.00元，当前余额为人民币0.00, 时间=2023-07-05T23:46:46
[2025-12-02 15:01:09.598] [DEBUG] [SmsReader] 读取到短信[第189行]: 类型=收件箱, _ID=3316, 发件人=9555801, 内容=【中信银行】您尾号6986的中信卡于07月01日20:21，对外汇款支出人民币1500.00元，当前余额为人民币0.00, 时间=2023-07-01T20:22:00
[2025-12-02 15:01:09.598] [DEBUG] [SmsReader] 读取到短信[第190行]: 类型=收件箱, _ID=3315, 发件人=9555801, 内容=【中信银行】您尾号6986的中信卡于06月15日10:51，手动购买零钱+支出人民币4973.00元，当前余额为人民币0, 时间=2023-06-15T10:51:26
[2025-12-02 15:01:09.599] [DEBUG] [SmsReader] 读取到短信[第191行]: 类型=收件箱, _ID=3314, 发件人=9555801, 内容=【中信银行】您尾号6986的中信卡于06月15日08:43，跨行转入存入人民币4973.00元，当前余额为人民币4973, 时间=2023-06-15T08:43:58
[2025-12-02 15:01:09.599] [DEBUG] [SmsReader] 读取到短信[第192行]: 类型=收件箱, _ID=3313, 发件人=9555801, 内容=【中信银行】您尾号6986的中信卡于05月26日12:41，手动购买零钱+支出人民币146817.58元，当前余额为人民, 时间=2023-05-26T12:42:04
[2025-12-02 15:01:09.599] [DEBUG] [SmsReader] 读取到短信[第193行]: 类型=收件箱, _ID=3312, 发件人=9555801, 内容=【中信银行】您尾号6986的中信卡于05月26日12:36，开立定期账户，账户序号000006，定期开户存入人民币100, 时间=2023-05-26T12:36:46
[2025-12-02 15:01:09.599] [DEBUG] [SmsReader] 读取到短信[第194行]: 类型=收件箱, _ID=3311, 发件人=9555801, 内容=【中信银行】您尾号6986的中信卡于05月26日12:36，定期开户支出人民币100000.00元，当前余额为人民币14, 时间=2023-05-26T12:36:42
[2025-12-02 15:01:09.599] [DEBUG] [SmsReader] 读取到短信[第195行]: 类型=收件箱, _ID=3310, 发件人=9555801, 内容=【中信银行】您尾号6986的中信卡于05月18日19:34，跨行转入存入人民币1454.84元，当前余额为人民币2464, 时间=2023-05-18T19:34:35
[2025-12-02 15:01:09.599] [DEBUG] [SmsReader] 读取到短信[第196行]: 类型=收件箱, _ID=3309, 发件人=9555801, 内容=【中信银行】您尾号6986的中信卡于05月17日16:34，跨行转入存入人民币240000.00元，当前余额为人民币24, 时间=2023-05-17T16:35:00
[2025-12-02 15:01:09.599] [DEBUG] [SmsReader] 读取到短信[第197行]: 类型=收件箱, _ID=3308, 发件人=9555801, 内容=【中信银行】您尾号6986的中信卡于05月15日10:15，跨行转入存入人民币4990.00元，当前余额为人民币5139, 时间=2023-05-15T10:15:39
[2025-12-02 15:01:09.599] [DEBUG] [SmsReader] 读取到短信[第198行]: 类型=收件箱, _ID=3307, 发件人=9555801, 内容=【中信银行】您尾号6986的中信卡于04月30日19:54，财付通快捷支付支出人民币1353.00元，当前余额为人民币2, 时间=2023-04-30T19:55:02
[2025-12-02 15:01:09.599] [DEBUG] [SmsReader] 读取到短信[第199行]: 类型=收件箱, _ID=3306, 发件人=9555801, 内容=【中信银行】您尾号6986的中信卡于04月30日19:53，跨行转入存入人民币1500.00元，当前余额为人民币1640, 时间=2023-04-30T19:54:04
[2025-12-02 15:01:09.599] [DEBUG] [SmsReader] 读取到短信[第200行]: 类型=收件箱, _ID=3305, 发件人=9555801, 内容=【中信银行】您尾号6986的中信卡于04月26日21:50，对外汇款支出人民币3000.00元，当前余额为人民币140., 时间=2023-04-26T21:51:12
[2025-12-02 15:01:09.612] [DEBUG] [SmsReader] 共读取 200 行数据，其中错误 0 行，最小时间戳=Wed Apr 26 21:51:12 GMT+08:00 2023，最小_ID=3305
[2025-12-02 15:01:09.613] [DEBUG] [SmsReader] 第 1 页读取到 200 条短信（原始）
[2025-12-02 15:01:09.621] [DEBUG] [SmsReader] 读取到短信[第121行]: 类型=收件箱, _ID=4053, 发件人=955581101, 内容=【中信银行】验证码：229058，您正在通过微信银行注册中信通行证，请勿向他人泄露您的验证码。, 时间=2021-10-26T18:53:09
[2025-12-02 15:01:09.614] [WARN] [SmsReader] 📅 第 1 页时间范围: 最新=Mon Nov 24 10:27:24 GMT+08:00 2025, 最早=Wed Apr 26 21:51:12 GMT+08:00 2023
[2025-12-02 15:01:09.614] [WARN] [SmsReader] ✅ 第 1 页时间范围包含11月28日
[2025-12-02 15:01:09.614] [WARN] [SmsReader] ❌ 第 1 页未发现10684发件人短信
[2025-12-02 15:01:09.614] [WARN] [SmsReader] ❌ 第 1 页未发现11月28日的短信
[2025-12-02 15:01:09.614] [DEBUG] [SmsReader] 第 1 页去重后添加 200 条短信，累计 200 条
[2025-12-02 15:01:09.614] [DEBUG] [SmsReader] 读取第 2 页 (limit=200, lastDate=Wed Apr 26 21:51:12 GMT+08:00 2023, lastId=3305)
[2025-12-02 15:01:09.618] [DEBUG] [SmsReader] 读取到短信[第1行]: 类型=收件箱, _ID=3304, 发件人=9555801, 内容=【中信银行】您尾号6986的中信卡于04月26日21:29，信用卡还款支出人民币313.98元，当前余额为人民币2970, 时间=2023-04-26T21:29:33
[2025-12-02 15:01:09.618] [DEBUG] [SmsReader] 读取到短信[第2行]: 类型=收件箱, _ID=3303, 发件人=9555801, 内容=【中信银行】您尾号6986的中信卡于04月26日07:46，跨行转入存入人民币500.00元，当前余额为人民币3284., 时间=2023-04-26T07:46:18
[2025-12-02 15:01:09.618] [DEBUG] [SmsReader] 读取到短信[第3行]: 类型=收件箱, _ID=3302, 发件人=9555801, 内容=【中信银行】您尾号6986的中信卡于04月17日10:05，财付通快捷支付支出人民币1000.00元，当前余额为人民币3, 时间=2023-04-17T10:05:47
[2025-12-02 15:01:09.618] [DEBUG] [SmsReader] 读取到短信[第4行]: 类型=收件箱, _ID=3301, 发件人=9555801, 内容=【中信银行】您尾号6986的中信卡于04月15日08:51，跨行转入存入人民币4990.00元，当前余额为人民币4994, 时间=2023-04-15T08:51:57
[2025-12-02 15:01:09.618] [DEBUG] [SmsReader] 读取到短信[第5行]: 类型=已发送, _ID=23, 发件人=+8617637190480, 内容=嗯在电梯口了, 时间=2023-04-11T12:32:34
[2025-12-02 15:01:09.618] [DEBUG] [SmsReader] 读取到短信[第6行]: 类型=收件箱, _ID=22, 发件人=+8617637190480, 内容=电梯口拿外卖吧, 时间=2023-04-11T12:32:18
[2025-12-02 15:01:09.618] [DEBUG] [SmsReader] 读取到短信[第7行]: 类型=收件箱, _ID=3300, 发件人=9555801, 内容=【中信银行】您尾号6986的中信卡于04月03日21:09，财付通快捷支付支出人民币1080.00元，当前余额为人民币4, 时间=2023-04-03T21:10:03
[2025-12-02 15:01:09.618] [DEBUG] [SmsReader] 读取到短信[第8行]: 类型=收件箱, _ID=3299, 发件人=9555801, 内容=【中信银行】您尾号6986的中信卡于04月03日20:14，跨行转入存入人民币1100.00元，当前余额为人民币1560, 时间=2023-04-03T20:14:32
[2025-12-02 15:01:09.618] [DEBUG] [SmsReader] 读取到短信[第9行]: 类型=收件箱, _ID=3298, 发件人=9555801, 内容=【中信银行】您尾号6986的中信卡于04月02日18:06，跨行转入存入人民币500.00元，当前余额为人民币579.6, 时间=2023-04-02T18:07:03
[2025-12-02 15:01:09.618] [DEBUG] [SmsReader] 读取到短信[第10行]: 类型=收件箱, _ID=12, 发件人=+8613290942825, 内容=转自 中国联通：
尊敬的联通用户，您的副卡15617837636已预约成功，请及时在网址https://u.online, 时间=2023-04-01T14:00:17
[2025-12-02 15:01:09.618] [DEBUG] [SmsReader] 🔍 运营商/服务短信[第10行]: _ID=12, 发件人=+8613290942825, 内容=转自 中国联通：
尊敬的联通用户，您的副卡15617837636已预约成功，请及时在网址https://u.online.cn/aXAMFNac，进行证件和人像照片上传，然后在微信小程序“号卡自主激活, 时间=2023-04-01T14:00:17
[2025-12-02 15:01:09.618] [DEBUG] [SmsReader] 读取到短信[第11行]: 类型=已发送, _ID=3012, 发件人=13202128113, 内容=单号 JT5182032985845
收件信息  
收货人: 李飞
所在地区: 河南省郑州市金水区北林路街道
详细地址:, 时间=2023-04-01T11:19:59
[2025-12-02 15:01:09.618] [DEBUG] [SmsReader] 读取到短信[第12行]: 类型=收件箱, _ID=3297, 发件人=9555801, 内容=【中信银行】您尾号6986的中信卡于04月01日10:42，财付通快捷支付支出人民币353.00元，当前余额为人民币34, 时间=2023-04-01T10:43:00
[2025-12-02 15:01:09.618] [DEBUG] [SmsReader] 读取到短信[第13行]: 类型=已发送, _ID=3038, 发件人=18339985539, 内容=收货人: 李飞
所在地区: 河南省郑州市金水区北林路街道
详细地址: 金明路10号院2号楼2单元5楼西户, 时间=2023-03-23T18:15:48
[2025-12-02 15:01:09.619] [DEBUG] [SmsReader] 读取到短信[第14行]: 类型=收件箱, _ID=3296, 发件人=9555801, 内容=【中信银行】您尾号6986的中信卡于03月17日17:19，对外汇款支出人民币2500.00元，当前余额为人民币715., 时间=2023-03-17T17:20:17
[2025-12-02 15:01:09.619] [DEBUG] [SmsReader] 读取到短信[第15行]: 类型=已发送, _ID=3013, 发件人=13333718675, 内容=在在在, 时间=2023-03-15T19:09:15
[2025-12-02 15:01:09.619] [DEBUG] [SmsReader] 读取到短信[第16行]: 类型=收件箱, _ID=16, 发件人=+8613333718675, 内容=喂喂喂，在吗, 时间=2023-03-15T19:08:40
[2025-12-02 15:01:09.619] [DEBUG] [SmsReader] 读取到短信[第17行]: 类型=收件箱, _ID=3295, 发件人=9555801, 内容=【中信银行】您尾号6986的中信卡于03月15日11:01，信用卡还款支出人民币1749.09元，当前余额为人民币328, 时间=2023-03-15T11:04:49
[2025-12-02 15:01:09.619] [DEBUG] [SmsReader] 读取到短信[第18行]: 类型=收件箱, _ID=3294, 发件人=9555801, 内容=【中信银行】您尾号6986的中信卡于03月15日10:10，跨行转入存入人民币4990.00元，当前余额为人民币5034, 时间=2023-03-15T10:10:17
[2025-12-02 15:01:09.619] [DEBUG] [SmsReader] 读取到短信[第19行]: 类型=已发送, _ID=3027, 发件人=15637117828, 内容=好的, 时间=2023-03-12T15:29:54
[2025-12-02 15:01:09.619] [DEBUG] [SmsReader] 读取到短信[第20行]: 类型=收件箱, _ID=3026, 发件人=15637117828, 内容=可以了, 时间=2023-03-12T15:29:45
[2025-12-02 15:01:09.621] [DEBUG] [SmsReader] 📦 包含'菜鸟驿站'的短信: 发件人=+057164247551, 内容=【菜鸟驿站】您的圆通包裹已到郑州天府小区南门西侧便利店，请21:00前凭4-3-7021取件，详询15660756458, 时间=2022-02-13T13:11:52
[2025-12-02 15:01:09.621] [DEBUG] [SmsReader] 📦 包含'菜鸟驿站'的短信: 发件人=+057386031514, 内容=【菜鸟驿站】您的韵达包裹已到郑州天府小区南门西侧便利店，请21:00前凭3-6-5010及时取件或点m.tb.cn/E.zGds5A 选择送货上门, 时间=2022-02-11T20:14:13
[2025-12-02 15:01:09.621] [DEBUG] [SmsReader] 📦 包含'菜鸟驿站'的短信: 发件人=+057186523443, 内容=【菜鸟驿站】您的圆通包裹已到郑州天府小区南门西侧便利店，请21:00前凭2-5-6002取件，详询15660756458, 时间=2022-01-15T11:38:41
[2025-12-02 15:01:09.621] [DEBUG] [SmsReader] ========== 最后20条短信详情 (第102行至第121行) ==========
[2025-12-02 15:01:09.621] [DEBUG] [SmsReader] 读取到短信[第102行]: 类型=收件箱, _ID=3234, 发件人=9555801, 内容=【中信银行】您尾号6986的中信卡于05月07日09:09，对外汇款支出人民币360.00元，当前余额为人民币17388, 时间=2022-05-07T09:09:30
[2025-12-02 15:01:09.621] [DEBUG] [SmsReader] 读取到短信[第103行]: 类型=收件箱, _ID=3233, 发件人=9555801, 内容=【中信银行】您尾号6986的中信卡于04月29日01:16，对外汇款支出人民币300.00元，当前余额为人民币17748, 时间=2022-04-29T01:16:53
[2025-12-02 15:01:09.621] [DEBUG] [SmsReader] 读取到短信[第104行]: 类型=收件箱, _ID=3232, 发件人=9555801, 内容=【中信银行】您尾号6986的中信卡于04月26日14:49，对外汇款支出人民币500.00元，当前余额为人民币18048, 时间=2022-04-26T14:49:30
[2025-12-02 15:01:09.621] [DEBUG] [SmsReader] 读取到短信[第105行]: 类型=收件箱, _ID=3231, 发件人=9555801, 内容=【中信银行】您尾号6986的中信卡于04月24日10:37，对外汇款支出人民币1000.00元，当前余额为人民币1854, 时间=2022-04-24T10:37:08
[2025-12-02 15:01:09.621] [DEBUG] [SmsReader] 读取到短信[第106行]: 类型=收件箱, _ID=3230, 发件人=9555801, 内容=【中信银行】您尾号6986的中信卡于04月21日12:40，对外汇款支出人民币500.00元，当前余额为人民币19548, 时间=2022-04-21T12:40:40
[2025-12-02 15:01:09.621] [DEBUG] [SmsReader] 读取到短信[第107行]: 类型=收件箱, _ID=3229, 发件人=9555801, 内容=【中信银行】您尾号6986的中信卡于04月19日13:21，对外汇款支出人民币3600.00元，当前余额为人民币2004, 时间=2022-04-19T13:21:16
[2025-12-02 15:01:09.621] [DEBUG] [SmsReader] 读取到短信[第108行]: 类型=收件箱, _ID=3228, 发件人=9555801, 内容=【中信银行】您尾号6986的中信卡于04月18日13:52，信用卡还款支出人民币1351.63元，当前余额为人民币236, 时间=2022-04-18T13:52:59
[2025-12-02 15:01:09.621] [DEBUG] [SmsReader] 读取到短信[第109行]: 类型=收件箱, _ID=3227, 发件人=9555801, 内容=【中信银行】您尾号6986的中信卡于04月17日14:12，对外汇款支出人民币1000.00元，当前余额为人民币2500, 时间=2022-04-17T14:12:42
[2025-12-02 15:01:09.621] [DEBUG] [SmsReader] 读取到短信[第110行]: 类型=收件箱, _ID=26, 发件人=02135507409, 内容=【极兔速递】您的运单尾号2311包裹已到天府小区南门悦来悦喜内，请凭取件码1-2-7037尽快领取，详询18937806, 时间=2022-04-10T16:33:29
[2025-12-02 15:01:09.621] [DEBUG] [SmsReader] 读取到短信[第111行]: 类型=收件箱, _ID=3226, 发件人=9555801, 内容=【中信银行】您尾号6986的中信卡于03月27日18:58，对外汇款支出人民币3000.00元，当前余额为人民币2600, 时间=2022-03-27T18:58:42
[2025-12-02 15:01:09.621] [DEBUG] [SmsReader] 读取到短信[第112行]: 类型=收件箱, _ID=3225, 发件人=9555801, 内容=【中信银行】您尾号6986的中信卡于03月23日16:36，对外汇款支出人民币2000.00元，当前余额为人民币2900, 时间=2022-03-23T16:36:56
[2025-12-02 15:01:09.621] [DEBUG] [SmsReader] 读取到短信[第113行]: 类型=收件箱, _ID=3224, 发件人=9555801, 内容=【中信银行】您尾号6986的中信卡于03月23日09:20，跨行转入存入人民币2497.85元，当前余额为人民币3108, 时间=2022-03-23T09:20:41
[2025-12-02 15:01:09.621] [DEBUG] [SmsReader] 读取到短信[第114行]: 类型=收件箱, _ID=3223, 发件人=9555801, 内容=【中信银行】您尾号6986的中信卡于03月21日15:31，对外汇款支出人民币1000.00元，当前余额为人民币2859, 时间=2022-03-21T15:31:13
[2025-12-02 15:01:09.621] [DEBUG] [SmsReader] 读取到短信[第115行]: 类型=收件箱, _ID=3222, 发件人=9555801, 内容=【中信银行】您尾号6986的中信卡于03月20日23:12，信用卡还款支出人民币406.20元，当前余额为人民币2956, 时间=2022-03-20T23:12:30
[2025-12-02 15:01:09.621] [DEBUG] [SmsReader] 读取到短信[第116行]: 类型=收件箱, _ID=3634, 发件人=+057164247551, 内容=【菜鸟驿站】您的圆通包裹已到郑州天府小区南门西侧便利店，请21:00前凭4-3-7021取件，详询15660756458, 时间=2022-02-13T13:11:52
[2025-12-02 15:01:09.621] [DEBUG] [SmsReader] 读取到短信[第117行]: 类型=收件箱, _ID=3658, 发件人=+057386031514, 内容=【菜鸟驿站】您的韵达包裹已到郑州天府小区南门西侧便利店，请21:00前凭3-6-5010及时取件或点m.tb.cn/E., 时间=2022-02-11T20:14:13
[2025-12-02 15:01:09.621] [DEBUG] [SmsReader] 读取到短信[第118行]: 类型=收件箱, _ID=3750, 发件人=+057186523443, 内容=【菜鸟驿站】您的圆通包裹已到郑州天府小区南门西侧便利店，请21:00前凭2-5-6002取件，详询15660756458, 时间=2022-01-15T11:38:41
[2025-12-02 15:01:09.621] [DEBUG] [SmsReader] 读取到短信[第119行]: 类型=收件箱, _ID=3927, 发件人=+861065905718711000, 内容=【饿了么】您的验证码是920123，在15分钟内有效。如非本人操作请忽略本短信。, 时间=2021-11-30T11:41:54
[2025-12-02 15:01:09.621] [DEBUG] [SmsReader] 读取到短信[第120行]: 类型=收件箱, _ID=3998, 发件人=955581101, 内容=【中信银行】 004760（您本次的动态口令），请妥善保管，切勿泄露。 , 时间=2021-11-11T13:06:47
[2025-12-02 15:01:09.622] [DEBUG] [SmsReader] 共读取 121 行数据，其中错误 0 行，最小时间戳=Tue Oct 26 18:53:09 GMT+08:00 2021，最小_ID=4053
[2025-12-02 15:01:09.622] [DEBUG] [SmsReader] 第 2 页读取到 121 条短信（原始）
[2025-12-02 15:01:09.623] [WARN] [SmsReader] 📅 第 2 页时间范围: 最新=Wed Apr 26 21:29:33 GMT+08:00 2023, 最早=Tue Oct 26 18:53:09 GMT+08:00 2021
[2025-12-02 15:01:09.623] [WARN] [SmsReader] ❌ 第 2 页时间范围不包含11月28日
[2025-12-02 15:01:09.623] [WARN] [SmsReader] ❌ 第 2 页未发现10684发件人短信
[2025-12-02 15:01:09.623] [WARN] [SmsReader] ❌ 第 2 页未发现11月28日的短信
[2025-12-02 15:01:09.623] [DEBUG] [SmsReader] 第 2 页去重后添加 121 条短信，累计 321 条
[2025-12-02 15:01:09.623] [DEBUG] [SmsReader] 已到达短信列表底部（返回数量少于限制）
[2025-12-02 15:01:09.623] [DEBUG] [SmsReader] ✅ 成功读取 321 条短信（共 2 页）
[2025-12-02 15:01:09.623] [WARN] [SmsReader] 📅 读取时间范围: 最新=2025-11-24T10:27:24, 最早=2021-10-26T18:53:09
[2025-12-02 15:01:09.623] [WARN] [SmsReader] ⚠️ 警告: 读取的 321 条短信中，没有106开头的发件人！
[2025-12-02 15:01:09.623] [DEBUG] [SmsReader] 短信 1: 发件人=04526174385, 内容=【菜鸟驿站】您的包裹已到站，凭2-4-1022到郑州市北文雅小区6号楼102店取件。, 时间=2025-11-24T10:27:24
[2025-12-02 15:01:09.623] [DEBUG] [SmsReader] 短信 2: 发件人=04526194070, 内容=【菜鸟驿站】您的包裹已到站，凭9-4-7010到郑州市北文雅小区6号楼102店取件。, 时间=2025-11-23T12:59:30
[2025-12-02 15:01:09.623] [DEBUG] [SmsReader] 短信 3: 发件人=04526194364, 内容=【菜鸟驿站】您的包裹已到站，凭3-3-6009到郑州市北文雅小区6号楼102店取件。, 时间=2025-11-22T11:32:53
[2025-12-02 15:01:09.623] [DEBUG] [SmsReader] 短信 4: 发件人=+8615838022523, 内容=【菜鸟驿站】您的包裹已到站，凭9-9-9999到郑州市北文雅小区6号楼102店取件。, 时间=2025-11-21T14:35:07
[2025-12-02 15:01:09.623] [DEBUG] [SmsReader] 短信 5: 发件人=15238045115, 内容=【菜鸟驿站】您的包裹已到站，凭9-9-9999到郑州市北文雅小区6号楼102店取件。, 时间=2025-11-21T14:35:07
[2025-12-02 15:01:09.624] [DEBUG] [SmsReader] 发件人统计（前10名）:
[2025-12-02 15:01:09.624] [DEBUG] [SmsReader]   - 9555801: 167 条
[2025-12-02 15:01:09.624] [DEBUG] [SmsReader]   - 15637117828: 11 条
[2025-12-02 15:01:09.624] [DEBUG] [SmsReader]   - 18838173637: 7 条
[2025-12-02 15:01:09.624] [DEBUG] [SmsReader]   - +8613839870886: 5 条
[2025-12-02 15:01:09.624] [DEBUG] [SmsReader]   - +8615838022523: 4 条
[2025-12-02 15:01:09.624] [DEBUG] [SmsReader]   - +8615838114287: 4 条
[2025-12-02 15:01:09.624] [DEBUG] [SmsReader]   - +8613290942825: 4 条
[2025-12-02 15:01:09.624] [DEBUG] [SmsReader]   - 15238045115: 3 条
[2025-12-02 15:01:09.624] [DEBUG] [SmsReader]   - 19951094309: 3 条
[2025-12-02 15:01:09.624] [DEBUG] [SmsReader]   - +8613140003006: 3 条
[2025-12-02 15:01:09.625] [WARN] [SmsReader] ⚠️ 在读取的 321 条短信中未找到目标短信（包含'菜鸟驿站'和'1-4-4011'）
[2025-12-02 15:01:09.625] [DEBUG] [SmsReader] 包含'菜鸟驿站'的短信共 54 条
[2025-12-02 15:01:09.627] [DEBUG] [SmsReader] 包含运营商/服务相关的短信共 1 条
[2025-12-02 15:01:09.627] [DEBUG] [SmsReader]   运营商/服务短信 1: 发件人=+8613290942825, 内容=转自 中国联通：
尊敬的联通用户，您的副卡15617837636已预约成功，请及时在网址https://u.online.cn/aXAMFNac，进行证件和人像, 时间=2023-04-01T14:00:17
[2025-12-02 15:01:09.628] [WARN] [SmsReader] ⚠️ 未找到目标发件人的短信（101906 或 10687542007747193）
[2025-12-02 15:01:09.628] [DEBUG] [SmsReader] ========== 短信读取完成 ==========
[2025-12-02 15:01:09.628] [DEBUG] [ExpressScreen] ✅ 读取到 321 条短信，其中10684开头的短信 0 条
[2025-12-02 15:01:10.630] [DEBUG] [ExpressExtractor] ========== 开始提取快递信息 ==========
[2025-12-02 15:01:10.630] [DEBUG] [ExpressExtractor] 短信总数: 321
[2025-12-02 15:01:10.664] [DEBUG] [ExpressExtractor] ✅ 成功提取 90 条快递信息
[2025-12-02 15:01:10.664] [WARN] [ExpressExtractor] ⚠️⚠️⚠️ 最终结果中未包含9-5-5038取件码！
[2025-12-02 15:01:10.664] [DEBUG] [ExpressExtractor] ========== 快递信息提取完成 ==========
[2025-12-02 15:01:10.664] [DEBUG] [ExpressScreen] ✅ 提取到 90 条快递信息
[2025-12-02 15:01:10.664] [DEBUG] [ExpressScreen]   其中菜鸟驿站快递: 52 条
[2025-12-02 15:01:10.664] [DEBUG] [ExpressScreen]     菜鸟快递 1: 取件码=2-4-1022, 日期=2025-11-24, 发件人=04526174385
[2025-12-02 15:01:10.665] [DEBUG] [ExpressScreen]     菜鸟快递 2: 取件码=9-4-7010, 日期=2025-11-23, 发件人=04526194070
[2025-12-02 15:01:10.665] [DEBUG] [ExpressScreen]     菜鸟快递 3: 取件码=3-3-6009, 日期=2025-11-22, 发件人=04526194364
[2025-12-02 15:01:12.822] [DEBUG] [SmsDefaultAppChecker] 当前默认短信应用: null, 本应用包名: com.sms.tagger, 是否匹配: false
[2025-12-02 15:01:15.689] [DEBUG] [SmsDefaultAppChecker] 当前默认短信应用: null, 本应用包名: com.sms.tagger, 是否匹配: false
[2025-12-02 15:01:15.689] [DEBUG] [DefaultSmsGuideScreen] 当前是否为默认短信应用: false
[2025-12-02 15:01:16.553] [WARN] [DefaultSmsGuideScreen] 🔵🔵🔵 按钮被点击！准备调用 launchDefaultSmsSettings()
[2025-12-02 15:01:16.553] [DEBUG] [DefaultSmsGuideScreen] ========== launchDefaultSmsSettings 被调用 ==========
[2025-12-02 15:01:16.554] [WARN] [DefaultSmsGuideScreen] 🔵🔵🔵 用户点击了'设置为默认短信应用'按钮 🔵🔵🔵
[2025-12-02 15:01:16.554] [DEBUG] [DefaultSmsGuideScreen] 开始尝试方法1: ACTION_CHANGE_DEFAULT
[2025-12-02 15:01:16.554] [DEBUG] [DefaultSmsGuideScreen] 方法1: Intent已创建
[2025-12-02 15:01:16.554] [DEBUG] [DefaultSmsGuideScreen] Context类型: MainActivity
[2025-12-02 15:01:16.554] [DEBUG] [DefaultSmsGuideScreen] PackageName: com.sms.tagger
[2025-12-02 15:01:16.555] [DEBUG] [DefaultSmsGuideScreen] 方法1：检查Intent是否可以解析...
[2025-12-02 15:01:16.556] [WARN] [DefaultSmsGuideScreen] ✅ 方法1：Intent可以解析，准备启动Activity
[2025-12-02 15:01:16.556] [DEBUG] [DefaultSmsGuideScreen] 目标Activity: com.android.permissioncontroller/com.android.permissioncontroller.role.ui.RequestRoleActivity
[2025-12-02 15:01:16.561] [WARN] [DefaultSmsGuideScreen] ✅✅✅ 方法1成功：startActivity已调用，应该已打开设置页面
[2025-12-02 15:01:16.562] [WARN] [DefaultSmsGuideScreen] ========== launchDefaultSmsSettings 执行完成 ==========
[2025-12-02 15:01:24.171] [DEBUG] [SmsDefaultAppChecker] 当前默认短信应用: null, 本应用包名: com.sms.tagger, 是否匹配: false
